<?xml version="1.0" encoding="UTF-8"?>
<!-- Generated by org.testng.reporters.JUnitReportReporter -->
<testsuite skipped="0" hostname="Shashank-PC" name="Tests.Tests" tests="3" failures="0" timestamp="17 Nov 2019 08:38:37 GMT" time="35.940" errors="0">
  <testcase name="loginTest" time="20.736" classname="Tests.Tests"/>
  <testcase name="testOne" time="9.636" classname="Tests.Tests"/>
  <testcase name="testTwo" time="5.568" classname="Tests.Tests"/>
</testsuite> <!-- Tests.Tests -->
